2018-05-13 11:10:33,893 [INFO] from application in play-dev-mode-akka.actor.default-dispatcher-10 - ApplicationTimer demo: Starting application at 2018-05-13T03:10:33.893Z.
2018-05-13 11:10:34,623 [INFO] from play.api.http.EnabledFilters in play-dev-mode-akka.actor.default-dispatcher-10 - Enabled Filters (see <https://www.playframework.com/documentation/latest/Filters>):

    play.filters.csrf.CSRFFilter
    play.filters.headers.SecurityHeadersFilter
    play.filters.hosts.AllowedHostsFilter
    filters.ExampleFilter

2018-05-13 11:10:34,630 [INFO] from play.api.Play in play-dev-mode-akka.actor.default-dispatcher-10 - Application started (Dev)
2018-05-13 11:10:35,204 [ERROR] from application in play-dev-mode-akka.actor.default-dispatcher-8 - 

! @780be0d6h - Internal server error, for (GET) [/favicon.ico] ->
 
play.api.http.HttpErrorHandlerExceptions$$anon$1: Execution exception[[MatchError: None (of class scala.None$)]]
	at play.api.http.HttpErrorHandlerExceptions$.throwableToUsefulException(HttpErrorHandler.scala:255)
	at play.api.http.DefaultHttpErrorHandler.onServerError(HttpErrorHandler.scala:182)
	at play.api.http.DefaultHttpErrorHandler$.onServerError(HttpErrorHandler.scala:286)
	at play.core.server.Server$.logExceptionAndGetResult$1(Server.scala:111)
	at play.core.server.Server$.getHandlerFor(Server.scala:141)
	at play.core.server.AkkaHttpServer.getHandler(AkkaHttpServer.scala:246)
	at play.core.server.AkkaHttpServer.handleRequest(AkkaHttpServer.scala:217)
	at play.core.server.AkkaHttpServer.$anonfun$createServerBinding$1(AkkaHttpServer.scala:117)
	at akka.stream.impl.fusing.MapAsync$$anon$25.onPush(Ops.scala:1194)
	at akka.stream.impl.fusing.GraphInterpreter.processPush(GraphInterpreter.scala:519)
	at akka.stream.impl.fusing.GraphInterpreter.processEvent(GraphInterpreter.scala:482)
	at akka.stream.impl.fusing.GraphInterpreter.execute(GraphInterpreter.scala:378)
	at akka.stream.impl.fusing.GraphInterpreterShell.runBatch(ActorGraphInterpreter.scala:585)
	at akka.stream.impl.fusing.GraphInterpreterShell$AsyncInput.execute(ActorGraphInterpreter.scala:469)
	at akka.stream.impl.fusing.GraphInterpreterShell.processEvent(ActorGraphInterpreter.scala:560)
	at akka.stream.impl.fusing.ActorGraphInterpreter.akka$stream$impl$fusing$ActorGraphInterpreter$$processEvent(ActorGraphInterpreter.scala:742)
	at akka.stream.impl.fusing.ActorGraphInterpreter$$anonfun$receive$1.applyOrElse(ActorGraphInterpreter.scala:757)
	at akka.actor.Actor.aroundReceive(Actor.scala:517)
	at akka.actor.Actor.aroundReceive$(Actor.scala:515)
	at akka.stream.impl.fusing.ActorGraphInterpreter.aroundReceive(ActorGraphInterpreter.scala:667)
	at akka.actor.ActorCell.receiveMessage(ActorCell.scala:590)
	at akka.actor.ActorCell.invoke(ActorCell.scala:559)
	at akka.dispatch.Mailbox.processMailbox(Mailbox.scala:257)
	at akka.dispatch.Mailbox.run(Mailbox.scala:224)
	at akka.dispatch.Mailbox.exec(Mailbox.scala:234)
	at akka.dispatch.forkjoin.ForkJoinTask.doExec(ForkJoinTask.java:260)
	at akka.dispatch.forkjoin.ForkJoinPool$WorkQueue.runTask(ForkJoinPool.java:1339)
	at akka.dispatch.forkjoin.ForkJoinPool.runWorker(ForkJoinPool.java:1979)
	at akka.dispatch.forkjoin.ForkJoinWorkerThread.run(ForkJoinWorkerThread.java:107)
Caused by: scala.MatchError: None (of class scala.None$)
	at myRoute.MyRoute.myRoute$MyRoute$$getAction(MyRoute.scala:32)
	at myRoute.MyRoute$$anonfun$routes$1.applyOrElse(MyRoute.scala:23)
	at myRoute.MyRoute$$anonfun$routes$1.applyOrElse(MyRoute.scala:21)
	at scala.PartialFunction$Lifted.apply(PartialFunction.scala:224)
	at scala.PartialFunction$Lifted.apply(PartialFunction.scala:220)
	at play.core.routing.Include.unapply(GeneratedRouter.scala:46)
	at router.Routes$$anonfun$routes$1.applyOrElse(Routes.scala:226)
	at router.Routes$$anonfun$routes$1.applyOrElse(Routes.scala:187)
	at scala.PartialFunction$Lifted.apply(PartialFunction.scala:224)
	at scala.PartialFunction$Lifted.apply(PartialFunction.scala:220)
	at play.api.routing.Router.handlerFor(Router.scala:40)
	at play.api.routing.Router.handlerFor$(Router.scala:39)
	at play.core.routing.GeneratedRouter.handlerFor(GeneratedRouter.scala:78)
	at play.api.http.DefaultHttpRequestHandler.routeRequest(HttpRequestHandler.scala:206)
	at play.api.http.JavaCompatibleHttpRequestHandler.routeRequest(HttpRequestHandler.scala:245)
	at play.api.http.DefaultHttpRequestHandler.routeWithFallback$1(HttpRequestHandler.scala:124)
	at play.api.http.DefaultHttpRequestHandler.handlerForRequest(HttpRequestHandler.scala:156)
	at play.core.server.Server$.getHandlerFor(Server.scala:128)
	... 24 common frames omitted
2018-05-13 11:31:13,012 [INFO] from play.core.server.AkkaHttpServer in pool-15-thread-7 - Stopping server...
2018-05-13 11:31:13,071 [INFO] from application in application-akka.actor.default-dispatcher-9 - ApplicationTimer demo: Stopping application at 2018-05-13T03:31:13.070Z after 1240s.
